2025-01-16T10:44:42.420-05:00  INFO 35453 --- [backend] [restartedMain] com.nimbus.backend.BackendApplication    : Starting BackendApplication using Java 22.0.2 with PID 35453 (/Users/justinwatson/personal-projects/PS-Capstone/backend/target/classes started by justinwatson in /Users/justinwatson/personal-projects/PS-Capstone)
2025-01-16T10:44:42.426-05:00  INFO 35453 --- [backend] [restartedMain] com.nimbus.backend.BackendApplication    : No active profile set, falling back to 1 default profile: "default"
2025-01-16T10:44:42.469-05:00  INFO 35453 --- [backend] [restartedMain] .e.DevToolsPropertyDefaultsPostProcessor : Devtools property defaults active! Set 'spring.devtools.add-properties' to 'false' to disable
2025-01-16T10:44:42.470-05:00  INFO 35453 --- [backend] [restartedMain] .e.DevToolsPropertyDefaultsPostProcessor : For additional web related logging consider setting the 'logging.level.web' property to 'DEBUG'
2025-01-16T10:44:43.200-05:00  INFO 35453 --- [backend] [restartedMain] .s.d.r.c.RepositoryConfigurationDelegate : Bootstrapping Spring Data JPA repositories in DEFAULT mode.
2025-01-16T10:44:43.275-05:00  INFO 35453 --- [backend] [restartedMain] .s.d.r.c.RepositoryConfigurationDelegate : Finished Spring Data repository scanning in 63 ms. Found 6 JPA repository interfaces.
2025-01-16T10:44:43.898-05:00  INFO 35453 --- [backend] [restartedMain] o.s.b.w.embedded.tomcat.TomcatWebServer  : Tomcat initialized with port 8080 (http)
2025-01-16T10:44:43.914-05:00  INFO 35453 --- [backend] [restartedMain] o.apache.catalina.core.StandardService   : Starting service [Tomcat]
2025-01-16T10:44:43.914-05:00  INFO 35453 --- [backend] [restartedMain] o.apache.catalina.core.StandardEngine    : Starting Servlet engine: [Apache Tomcat/10.1.34]
2025-01-16T10:44:43.955-05:00  INFO 35453 --- [backend] [restartedMain] o.a.c.c.C.[Tomcat].[localhost].[/]       : Initializing Spring embedded WebApplicationContext
2025-01-16T10:44:43.955-05:00  INFO 35453 --- [backend] [restartedMain] w.s.c.ServletWebServerApplicationContext : Root WebApplicationContext: initialization completed in 1485 ms
2025-01-16T10:44:44.007-05:00 DEBUG 35453 --- [backend] [restartedMain] o.s.w.f.CommonsRequestLoggingFilter      : Filter 'logFilter' configured for use
2025-01-16T10:44:44.151-05:00  INFO 35453 --- [backend] [restartedMain] o.hibernate.jpa.internal.util.LogHelper  : HHH000204: Processing PersistenceUnitInfo [name: default]
2025-01-16T10:44:44.237-05:00  INFO 35453 --- [backend] [restartedMain] org.hibernate.Version                    : HHH000412: Hibernate ORM core version 6.6.4.Final
2025-01-16T10:44:44.273-05:00  INFO 35453 --- [backend] [restartedMain] o.h.c.internal.RegionFactoryInitiator    : HHH000026: Second-level cache disabled
2025-01-16T10:44:44.544-05:00  INFO 35453 --- [backend] [restartedMain] o.s.o.j.p.SpringPersistenceUnitInfo      : No LoadTimeWeaver setup: ignoring JPA class transformer
2025-01-16T10:44:44.574-05:00  INFO 35453 --- [backend] [restartedMain] com.zaxxer.hikari.HikariDataSource       : HikariPool-1 - Starting...
2025-01-16T10:44:44.978-05:00  INFO 35453 --- [backend] [restartedMain] com.zaxxer.hikari.pool.HikariPool        : HikariPool-1 - Added connection com.mysql.cj.jdbc.ConnectionImpl@784a3818
2025-01-16T10:44:44.979-05:00  INFO 35453 --- [backend] [restartedMain] com.zaxxer.hikari.HikariDataSource       : HikariPool-1 - Start completed.
2025-01-16T10:44:45.049-05:00  WARN 35453 --- [backend] [restartedMain] org.hibernate.orm.deprecation            : HHH90000025: MySQL8Dialect does not need to be specified explicitly using 'hibernate.dialect' (remove the property setting and it will be selected by default)
2025-01-16T10:44:45.050-05:00  WARN 35453 --- [backend] [restartedMain] org.hibernate.orm.deprecation            : HHH90000026: MySQL8Dialect has been deprecated; use org.hibernate.dialect.MySQLDialect instead
2025-01-16T10:44:45.068-05:00  INFO 35453 --- [backend] [restartedMain] org.hibernate.orm.connections.pooling    : HHH10001005: Database info:
	Database JDBC URL [Connecting through datasource 'HikariDataSource (HikariPool-1)']
	Database driver: undefined/unknown
	Database version: 8.0
	Autocommit mode: undefined/unknown
	Isolation level: undefined/unknown
	Minimum pool size: undefined/unknown
	Maximum pool size: undefined/unknown
2025-01-16T10:44:46.033-05:00  INFO 35453 --- [backend] [restartedMain] o.h.e.t.j.p.i.JtaPlatformInitiator       : HHH000489: No JTA platform available (set 'hibernate.transaction.jta.platform' to enable JTA platform integration)
2025-01-16T10:44:46.170-05:00  INFO 35453 --- [backend] [restartedMain] j.LocalContainerEntityManagerFactoryBean : Initialized JPA EntityManagerFactory for persistence unit 'default'
2025-01-16T10:44:46.614-05:00  WARN 35453 --- [backend] [restartedMain] JpaBaseConfiguration$JpaWebConfiguration : spring.jpa.open-in-view is enabled by default. Therefore, database queries may be performed during view rendering. Explicitly configure spring.jpa.open-in-view to disable this warning
2025-01-16T10:44:46.649-05:00  WARN 35453 --- [backend] [restartedMain] .s.s.UserDetailsServiceAutoConfiguration : 

Using generated security password: a5f9c9d8-1d68-4977-b58c-a55660a4b5ae

This generated password is for development use only. Your security configuration must be updated before running your application in production.

2025-01-16T10:44:46.670-05:00  INFO 35453 --- [backend] [restartedMain] r$InitializeUserDetailsManagerConfigurer : Global AuthenticationManager configured with UserDetailsService bean with name inMemoryUserDetailsManager
2025-01-16T10:44:47.211-05:00  INFO 35453 --- [backend] [restartedMain] o.s.b.d.a.OptionalLiveReloadServer       : LiveReload server is running on port 35729
2025-01-16T10:44:47.251-05:00  INFO 35453 --- [backend] [restartedMain] o.s.b.w.embedded.tomcat.TomcatWebServer  : Tomcat started on port 8080 (http) with context path '/'
2025-01-16T10:44:47.259-05:00  INFO 35453 --- [backend] [restartedMain] com.nimbus.backend.BackendApplication    : Started BackendApplication in 5.248 seconds (process running for 6.066)
2025-01-16T10:45:04.086-05:00  INFO 35453 --- [backend] [http-nio-8080-exec-1] o.a.c.c.C.[Tomcat].[localhost].[/]       : Initializing Spring DispatcherServlet 'dispatcherServlet'
2025-01-16T10:45:04.087-05:00  INFO 35453 --- [backend] [http-nio-8080-exec-1] o.s.web.servlet.DispatcherServlet        : Initializing Servlet 'dispatcherServlet'
2025-01-16T10:45:04.088-05:00  INFO 35453 --- [backend] [http-nio-8080-exec-1] o.s.web.servlet.DispatcherServlet        : Completed initialization in 1 ms
2025-01-16T10:45:04.126-05:00 DEBUG 35453 --- [backend] [http-nio-8080-exec-1] o.s.w.f.CommonsRequestLoggingFilter      : Before request [POST /api/users]
2025-01-16T10:45:04.583-05:00 DEBUG 35453 --- [backend] [http-nio-8080-exec-1] o.s.w.f.CommonsRequestLoggingFilter      : REQUEST DATA : POST /api/users, payload={
  "username": "Buddy",
  "password": "Watson"
}]
2025-01-16T10:55:31.258-05:00 DEBUG 35453 --- [backend] [http-nio-8080-exec-3] o.s.w.f.CommonsRequestLoggingFilter      : Before request [GET /api/users/1]
2025-01-16T10:55:31.308-05:00 DEBUG 35453 --- [backend] [http-nio-8080-exec-3] o.s.w.f.CommonsRequestLoggingFilter      : REQUEST DATA : GET /api/users/1]
2025-01-16T10:56:26.397-05:00 DEBUG 35453 --- [backend] [http-nio-8080-exec-4] o.s.w.f.CommonsRequestLoggingFilter      : Before request [PUT /api/users/1]
2025-01-16T10:56:26.428-05:00 DEBUG 35453 --- [backend] [http-nio-8080-exec-4] o.s.w.f.CommonsRequestLoggingFilter      : REQUEST DATA : PUT /api/users/1, payload={
  "username": "buddy_jenkins",
  "password": "barkbark"
}]
2025-01-16T10:56:32.640-05:00  INFO 35453 --- [backend] [File Watcher] rtingClassPathChangeChangedEventListener : Restarting due to 1 class path change (0 additions, 1 deletion, 0 modifications)
2025-01-16T10:56:32.644-05:00  INFO 35453 --- [backend] [Thread-5] o.s.b.w.e.tomcat.GracefulShutdown        : Commencing graceful shutdown. Waiting for active requests to complete
2025-01-16T10:56:32.657-05:00  INFO 35453 --- [backend] [tomcat-shutdown] o.s.b.w.e.tomcat.GracefulShutdown        : Graceful shutdown complete
2025-01-16T10:56:32.664-05:00  INFO 35453 --- [backend] [Thread-5] j.LocalContainerEntityManagerFactoryBean : Closing JPA EntityManagerFactory for persistence unit 'default'
2025-01-16T10:56:32.670-05:00  INFO 35453 --- [backend] [Thread-5] com.zaxxer.hikari.HikariDataSource       : HikariPool-1 - Shutdown initiated...
2025-01-16T10:56:32.678-05:00  INFO 35453 --- [backend] [Thread-5] com.zaxxer.hikari.HikariDataSource       : HikariPool-1 - Shutdown completed.
2025-01-16T10:56:32.829-05:00  INFO 35453 --- [backend] [restartedMain] com.nimbus.backend.BackendApplication    : Starting BackendApplication using Java 22.0.2 with PID 35453 (/Users/justinwatson/personal-projects/PS-Capstone/backend/target/classes started by justinwatson in /Users/justinwatson/personal-projects/PS-Capstone)
2025-01-16T10:56:32.829-05:00  INFO 35453 --- [backend] [restartedMain] com.nimbus.backend.BackendApplication    : No active profile set, falling back to 1 default profile: "default"
2025-01-16T10:56:33.036-05:00  INFO 35453 --- [backend] [restartedMain] .s.d.r.c.RepositoryConfigurationDelegate : Bootstrapping Spring Data JPA repositories in DEFAULT mode.
2025-01-16T10:56:33.056-05:00  INFO 35453 --- [backend] [restartedMain] .s.d.r.c.RepositoryConfigurationDelegate : Finished Spring Data repository scanning in 19 ms. Found 6 JPA repository interfaces.
2025-01-16T10:56:33.197-05:00  INFO 35453 --- [backend] [restartedMain] o.s.b.w.embedded.tomcat.TomcatWebServer  : Tomcat initialized with port 8080 (http)
2025-01-16T10:56:33.199-05:00  INFO 35453 --- [backend] [restartedMain] o.apache.catalina.core.StandardService   : Starting service [Tomcat]
2025-01-16T10:56:33.199-05:00  INFO 35453 --- [backend] [restartedMain] o.apache.catalina.core.StandardEngine    : Starting Servlet engine: [Apache Tomcat/10.1.34]
2025-01-16T10:56:33.207-05:00  INFO 35453 --- [backend] [restartedMain] o.a.c.c.C.[Tomcat].[localhost].[/]       : Initializing Spring embedded WebApplicationContext
2025-01-16T10:56:33.207-05:00  INFO 35453 --- [backend] [restartedMain] w.s.c.ServletWebServerApplicationContext : Root WebApplicationContext: initialization completed in 375 ms
2025-01-16T10:56:33.216-05:00 DEBUG 35453 --- [backend] [restartedMain] o.s.w.f.CommonsRequestLoggingFilter      : Filter 'logFilter' configured for use
2025-01-16T10:56:33.243-05:00  INFO 35453 --- [backend] [restartedMain] o.hibernate.jpa.internal.util.LogHelper  : HHH000204: Processing PersistenceUnitInfo [name: default]
2025-01-16T10:56:33.245-05:00  INFO 35453 --- [backend] [restartedMain] o.h.c.internal.RegionFactoryInitiator    : HHH000026: Second-level cache disabled
2025-01-16T10:56:33.261-05:00  INFO 35453 --- [backend] [restartedMain] o.s.o.j.p.SpringPersistenceUnitInfo      : No LoadTimeWeaver setup: ignoring JPA class transformer
2025-01-16T10:56:33.262-05:00  INFO 35453 --- [backend] [restartedMain] com.zaxxer.hikari.HikariDataSource       : HikariPool-2 - Starting...
2025-01-16T10:56:33.287-05:00  INFO 35453 --- [backend] [restartedMain] com.zaxxer.hikari.pool.HikariPool        : HikariPool-2 - Added connection com.mysql.cj.jdbc.ConnectionImpl@24324fcf
2025-01-16T10:56:33.287-05:00  INFO 35453 --- [backend] [restartedMain] com.zaxxer.hikari.HikariDataSource       : HikariPool-2 - Start completed.
2025-01-16T10:56:33.288-05:00  WARN 35453 --- [backend] [restartedMain] org.hibernate.orm.deprecation            : HHH90000025: MySQL8Dialect does not need to be specified explicitly using 'hibernate.dialect' (remove the property setting and it will be selected by default)
2025-01-16T10:56:33.289-05:00  WARN 35453 --- [backend] [restartedMain] org.hibernate.orm.deprecation            : HHH90000026: MySQL8Dialect has been deprecated; use org.hibernate.dialect.MySQLDialect instead
2025-01-16T10:56:33.289-05:00  INFO 35453 --- [backend] [restartedMain] org.hibernate.orm.connections.pooling    : HHH10001005: Database info:
	Database JDBC URL [Connecting through datasource 'HikariDataSource (HikariPool-2)']
	Database driver: undefined/unknown
	Database version: 8.0
	Autocommit mode: undefined/unknown
	Isolation level: undefined/unknown
	Minimum pool size: undefined/unknown
	Maximum pool size: undefined/unknown
2025-01-16T10:56:33.362-05:00  INFO 35453 --- [backend] [restartedMain] o.h.e.t.j.p.i.JtaPlatformInitiator       : HHH000489: No JTA platform available (set 'hibernate.transaction.jta.platform' to enable JTA platform integration)
2025-01-16T10:56:33.405-05:00  INFO 35453 --- [backend] [restartedMain] j.LocalContainerEntityManagerFactoryBean : Initialized JPA EntityManagerFactory for persistence unit 'default'
2025-01-16T10:56:33.518-05:00  WARN 35453 --- [backend] [restartedMain] JpaBaseConfiguration$JpaWebConfiguration : spring.jpa.open-in-view is enabled by default. Therefore, database queries may be performed during view rendering. Explicitly configure spring.jpa.open-in-view to disable this warning
2025-01-16T10:56:33.531-05:00  WARN 35453 --- [backend] [restartedMain] .s.s.UserDetailsServiceAutoConfiguration : 

Using generated security password: 8953feb2-9081-4ee6-9f3b-504f9bc6c264

This generated password is for development use only. Your security configuration must be updated before running your application in production.

2025-01-16T10:56:33.532-05:00  INFO 35453 --- [backend] [restartedMain] r$InitializeUserDetailsManagerConfigurer : Global AuthenticationManager configured with UserDetailsService bean with name inMemoryUserDetailsManager
2025-01-16T10:56:33.675-05:00  INFO 35453 --- [backend] [restartedMain] o.s.b.d.a.OptionalLiveReloadServer       : LiveReload server is running on port 35729
2025-01-16T10:56:33.685-05:00  INFO 35453 --- [backend] [restartedMain] o.s.b.w.embedded.tomcat.TomcatWebServer  : Tomcat started on port 8080 (http) with context path '/'
2025-01-16T10:56:33.688-05:00  INFO 35453 --- [backend] [restartedMain] com.nimbus.backend.BackendApplication    : Started BackendApplication in 0.89 seconds (process running for 712.502)
2025-01-16T10:56:33.689-05:00  INFO 35453 --- [backend] [restartedMain] .ConditionEvaluationDeltaLoggingListener : Condition evaluation unchanged
2025-01-16T10:56:35.086-05:00  INFO 35453 --- [backend] [File Watcher] rtingClassPathChangeChangedEventListener : Restarting due to 1 class path change (1 addition, 0 deletions, 0 modifications)
2025-01-16T10:56:35.087-05:00  INFO 35453 --- [backend] [Thread-7] o.s.b.w.e.tomcat.GracefulShutdown        : Commencing graceful shutdown. Waiting for active requests to complete
2025-01-16T10:56:35.090-05:00  INFO 35453 --- [backend] [tomcat-shutdown] o.s.b.w.e.tomcat.GracefulShutdown        : Graceful shutdown complete
2025-01-16T10:56:35.092-05:00  INFO 35453 --- [backend] [Thread-7] j.LocalContainerEntityManagerFactoryBean : Closing JPA EntityManagerFactory for persistence unit 'default'
2025-01-16T10:56:35.093-05:00  INFO 35453 --- [backend] [Thread-7] com.zaxxer.hikari.HikariDataSource       : HikariPool-2 - Shutdown initiated...
2025-01-16T10:56:35.096-05:00  INFO 35453 --- [backend] [Thread-7] com.zaxxer.hikari.HikariDataSource       : HikariPool-2 - Shutdown completed.
2025-01-16T10:56:35.158-05:00  INFO 35453 --- [backend] [restartedMain] com.nimbus.backend.BackendApplication    : Starting BackendApplication using Java 22.0.2 with PID 35453 (/Users/justinwatson/personal-projects/PS-Capstone/backend/target/classes started by justinwatson in /Users/justinwatson/personal-projects/PS-Capstone)
2025-01-16T10:56:35.158-05:00  INFO 35453 --- [backend] [restartedMain] com.nimbus.backend.BackendApplication    : No active profile set, falling back to 1 default profile: "default"
2025-01-16T10:56:35.286-05:00  INFO 35453 --- [backend] [restartedMain] .s.d.r.c.RepositoryConfigurationDelegate : Bootstrapping Spring Data JPA repositories in DEFAULT mode.
2025-01-16T10:56:35.301-05:00  INFO 35453 --- [backend] [restartedMain] .s.d.r.c.RepositoryConfigurationDelegate : Finished Spring Data repository scanning in 14 ms. Found 6 JPA repository interfaces.
2025-01-16T10:56:35.390-05:00  INFO 35453 --- [backend] [restartedMain] o.s.b.w.embedded.tomcat.TomcatWebServer  : Tomcat initialized with port 8080 (http)
2025-01-16T10:56:35.391-05:00  INFO 35453 --- [backend] [restartedMain] o.apache.catalina.core.StandardService   : Starting service [Tomcat]
2025-01-16T10:56:35.391-05:00  INFO 35453 --- [backend] [restartedMain] o.apache.catalina.core.StandardEngine    : Starting Servlet engine: [Apache Tomcat/10.1.34]
2025-01-16T10:56:35.399-05:00  INFO 35453 --- [backend] [restartedMain] o.a.c.c.C.[Tomcat].[localhost].[/]       : Initializing Spring embedded WebApplicationContext
2025-01-16T10:56:35.399-05:00  INFO 35453 --- [backend] [restartedMain] w.s.c.ServletWebServerApplicationContext : Root WebApplicationContext: initialization completed in 240 ms
2025-01-16T10:56:35.409-05:00 DEBUG 35453 --- [backend] [restartedMain] o.s.w.f.CommonsRequestLoggingFilter      : Filter 'logFilter' configured for use
2025-01-16T10:56:35.432-05:00  INFO 35453 --- [backend] [restartedMain] o.hibernate.jpa.internal.util.LogHelper  : HHH000204: Processing PersistenceUnitInfo [name: default]
2025-01-16T10:56:35.437-05:00  INFO 35453 --- [backend] [restartedMain] o.h.c.internal.RegionFactoryInitiator    : HHH000026: Second-level cache disabled
2025-01-16T10:56:35.445-05:00  INFO 35453 --- [backend] [restartedMain] o.s.o.j.p.SpringPersistenceUnitInfo      : No LoadTimeWeaver setup: ignoring JPA class transformer
2025-01-16T10:56:35.446-05:00  INFO 35453 --- [backend] [restartedMain] com.zaxxer.hikari.HikariDataSource       : HikariPool-3 - Starting...
2025-01-16T10:56:35.463-05:00  INFO 35453 --- [backend] [restartedMain] com.zaxxer.hikari.pool.HikariPool        : HikariPool-3 - Added connection com.mysql.cj.jdbc.ConnectionImpl@2af094d0
2025-01-16T10:56:35.463-05:00  INFO 35453 --- [backend] [restartedMain] com.zaxxer.hikari.HikariDataSource       : HikariPool-3 - Start completed.
2025-01-16T10:56:35.464-05:00  WARN 35453 --- [backend] [restartedMain] org.hibernate.orm.deprecation            : HHH90000025: MySQL8Dialect does not need to be specified explicitly using 'hibernate.dialect' (remove the property setting and it will be selected by default)
2025-01-16T10:56:35.464-05:00  WARN 35453 --- [backend] [restartedMain] org.hibernate.orm.deprecation            : HHH90000026: MySQL8Dialect has been deprecated; use org.hibernate.dialect.MySQLDialect instead
2025-01-16T10:56:35.464-05:00  INFO 35453 --- [backend] [restartedMain] org.hibernate.orm.connections.pooling    : HHH10001005: Database info:
	Database JDBC URL [Connecting through datasource 'HikariDataSource (HikariPool-3)']
	Database driver: undefined/unknown
	Database version: 8.0
	Autocommit mode: undefined/unknown
	Isolation level: undefined/unknown
	Minimum pool size: undefined/unknown
	Maximum pool size: undefined/unknown
2025-01-16T10:56:35.543-05:00  INFO 35453 --- [backend] [restartedMain] o.h.e.t.j.p.i.JtaPlatformInitiator       : HHH000489: No JTA platform available (set 'hibernate.transaction.jta.platform' to enable JTA platform integration)
2025-01-16T10:56:35.588-05:00  INFO 35453 --- [backend] [restartedMain] j.LocalContainerEntityManagerFactoryBean : Initialized JPA EntityManagerFactory for persistence unit 'default'
2025-01-16T10:56:35.679-05:00  WARN 35453 --- [backend] [restartedMain] JpaBaseConfiguration$JpaWebConfiguration : spring.jpa.open-in-view is enabled by default. Therefore, database queries may be performed during view rendering. Explicitly configure spring.jpa.open-in-view to disable this warning
2025-01-16T10:56:35.687-05:00  WARN 35453 --- [backend] [restartedMain] .s.s.UserDetailsServiceAutoConfiguration : 

Using generated security password: 544378f9-ef7a-4118-ad78-3294583adf48

This generated password is for development use only. Your security configuration must be updated before running your application in production.

2025-01-16T10:56:35.688-05:00  INFO 35453 --- [backend] [restartedMain] r$InitializeUserDetailsManagerConfigurer : Global AuthenticationManager configured with UserDetailsService bean with name inMemoryUserDetailsManager
2025-01-16T10:56:35.806-05:00  INFO 35453 --- [backend] [restartedMain] o.s.b.d.a.OptionalLiveReloadServer       : LiveReload server is running on port 35729
2025-01-16T10:56:35.816-05:00  INFO 35453 --- [backend] [restartedMain] o.s.b.w.embedded.tomcat.TomcatWebServer  : Tomcat started on port 8080 (http) with context path '/'
2025-01-16T10:56:35.820-05:00  INFO 35453 --- [backend] [restartedMain] com.nimbus.backend.BackendApplication    : Started BackendApplication in 0.682 seconds (process running for 714.634)
2025-01-16T10:56:35.821-05:00  INFO 35453 --- [backend] [restartedMain] .ConditionEvaluationDeltaLoggingListener : Condition evaluation unchanged
2025-01-16T10:59:00.074-05:00  INFO 35453 --- [backend] [http-nio-8080-exec-1] o.a.c.c.C.[Tomcat].[localhost].[/]       : Initializing Spring DispatcherServlet 'dispatcherServlet'
2025-01-16T10:59:00.075-05:00  INFO 35453 --- [backend] [http-nio-8080-exec-1] o.s.web.servlet.DispatcherServlet        : Initializing Servlet 'dispatcherServlet'
2025-01-16T10:59:00.076-05:00  INFO 35453 --- [backend] [http-nio-8080-exec-1] o.s.web.servlet.DispatcherServlet        : Completed initialization in 1 ms
2025-01-16T10:59:00.077-05:00 DEBUG 35453 --- [backend] [http-nio-8080-exec-1] o.s.w.f.CommonsRequestLoggingFilter      : Before request [POST /api/users]
2025-01-16T10:59:00.179-05:00 DEBUG 35453 --- [backend] [http-nio-8080-exec-1] o.s.w.f.CommonsRequestLoggingFilter      : REQUEST DATA : POST /api/users, payload={
  "username": "tree",
  "password": "banzai"
}]
2025-01-16T10:59:23.339-05:00 DEBUG 35453 --- [backend] [http-nio-8080-exec-2] o.s.w.f.CommonsRequestLoggingFilter      : Before request [DELETE /api/users/2]
2025-01-16T10:59:23.356-05:00 DEBUG 35453 --- [backend] [http-nio-8080-exec-2] o.s.w.f.CommonsRequestLoggingFilter      : REQUEST DATA : DELETE /api/users/2]
2025-01-16T11:17:55.719-05:00 DEBUG 35453 --- [backend] [http-nio-8080-exec-5] o.s.w.f.CommonsRequestLoggingFilter      : Before request [GET /api/users/check/buddy_jenkins]
2025-01-16T11:17:55.773-05:00 DEBUG 35453 --- [backend] [http-nio-8080-exec-5] o.s.w.f.CommonsRequestLoggingFilter      : REQUEST DATA : GET /api/users/check/buddy_jenkins]
2025-01-16T11:18:01.813-05:00 DEBUG 35453 --- [backend] [http-nio-8080-exec-6] o.s.w.f.CommonsRequestLoggingFilter      : Before request [GET /api/users/check/buddy_jenkin]
2025-01-16T11:18:01.820-05:00 DEBUG 35453 --- [backend] [http-nio-8080-exec-6] o.s.w.f.CommonsRequestLoggingFilter      : REQUEST DATA : GET /api/users/check/buddy_jenkin]
2025-01-16T11:56:24.352-05:00  WARN 35453 --- [backend] [HikariPool-3 housekeeper] com.zaxxer.hikari.pool.HikariPool        : HikariPool-3 - Thread starvation or clock leap detected (housekeeper delta=48s462ms).
2025-01-16T12:04:43.160-05:00  INFO 35453 --- [backend] [SpringApplicationShutdownHook] o.s.b.w.e.tomcat.GracefulShutdown        : Commencing graceful shutdown. Waiting for active requests to complete
2025-01-16T12:04:43.172-05:00  INFO 35453 --- [backend] [tomcat-shutdown] o.s.b.w.e.tomcat.GracefulShutdown        : Graceful shutdown complete
2025-01-16T12:04:43.181-05:00  INFO 35453 --- [backend] [SpringApplicationShutdownHook] j.LocalContainerEntityManagerFactoryBean : Closing JPA EntityManagerFactory for persistence unit 'default'
2025-01-16T12:04:43.185-05:00  INFO 35453 --- [backend] [SpringApplicationShutdownHook] com.zaxxer.hikari.HikariDataSource       : HikariPool-3 - Shutdown initiated...
2025-01-16T12:04:43.195-05:00  INFO 35453 --- [backend] [SpringApplicationShutdownHook] com.zaxxer.hikari.HikariDataSource       : HikariPool-3 - Shutdown completed.
